#-----------------------------------------------------------
# Vivado v2018.2 (64-bit)
# SW Build 2258646 on Thu Jun 14 20:03:12 MDT 2018
# IP Build 2256618 on Thu Jun 14 22:10:49 MDT 2018
# Start of session at: Tue Apr 26 08:00:24 2022
# Process ID: 10688
# Current directory: C:/Users/Admin/Desktop/xilinx_workspace/analog_to_digital_block
# Command line: vivado.exe -gui_launcher_event rodinguilauncherevent7984 C:\Users\Admin\Desktop\xilinx_workspace\analog_to_digital_block\analog_to_digital_block.xpr
# Log file: C:/Users/Admin/Desktop/xilinx_workspace/analog_to_digital_block/vivado.log
# Journal file: C:/Users/Admin/Desktop/xilinx_workspace/analog_to_digital_block\vivado.jou
#-----------------------------------------------------------
start_gui
open_project C:/Users/Admin/Desktop/xilinx_workspace/analog_to_digital_block/analog_to_digital_block.xpr
Scanning sources...
Finished scanning sources
INFO: [IP_Flow 19-234] Refreshing IP repositories
INFO: [IP_Flow 19-1704] No user IP repositories specified
INFO: [IP_Flow 19-2313] Loaded Vivado IP repository 'E:/Vivado/2018.2/data/ip'.
open_project: Time (s): cpu = 00:00:33 ; elapsed = 00:00:41 . Memory (MB): peak = 726.809 ; gain = 74.176
update_compile_order -fileset sources_1
open_hw
connect_hw_server
INFO: [Labtools 27-2285] Connecting to hw_server url TCP:localhost:3121
INFO: [Labtools 27-2222] Launching hw_server...
INFO: [Common 17-41] Interrupt caught. Command should exit soon.
INFO: [Labtools 27-2221] Launch Output:

****** Xilinx hw_server v2018.2
  **** Build date : Jun 14 2018-20:42:52
    ** Copyright 1986-2018 Xilinx, Inc. All Rights Reserved.


INFO: [Labtools 27-2058] connect_hw_server command cancelled.
connect_hw_server: Time (s): cpu = 00:00:03 ; elapsed = 00:00:09 . Memory (MB): peak = 760.543 ; gain = 0.000
INFO: [Common 17-344] 'connect_hw_server' was cancelled
close_hw
